<?xml version="1.0" encoding="UTF-8"?>
<!-- Generated by org.testng.reporters.JUnitReportReporter -->
<testsuite hostname="Vishals-MacBook-Air.local" failures="0" tests="1" name="automation_playwright.Flipkart_automation" time="4.206" errors="0" timestamp="2024-03-12T20:50:03 IST" skipped="0">
  <testcase classname="automation_playwright.Flipkart_automation" name="signin" time="4.206"/>
  <system-out/>
</testsuite> <!-- automation_playwright.Flipkart_automation -->
